Extra options: []
Measured: 10 times

Total Average: 53.324500 msec
Total Max:     61.776000 msec
Total Min:     47.970000 msec

  AVERAGE       MAX       MIN
------------------------------
48.258500 56.785000 42.914000: /Users/usr0200777/.config/nvim/init.lua
32.124200 33.853000 31.050000: require('config.lazy')
16.115300 24.140000 11.435000: require('config.options')
 2.590350  6.241000  0.083000: require('lspconfig.util')
 1.452000  1.680000  1.280000: /Users/usr0200777/.local/share/nvim/lazy/gruvbox.nvim/colors/gruvbox.lua
 1.169800  1.352000  1.008000: require('vim.lsp')
 1.149000  1.403000  0.924000: /Users/usr0200777/.local/share/nvim/lazy/diffview.nvim/plugin/diffview.lua
 1.126000  1.422000  0.891000: /Users/usr0200777/.local/share/nvim/lazy/rest.nvim/plugin/rest-nvim.lua
 1.098500  1.359000  0.858000: require('diffview.bootstrap')
 1.009300  1.254000  0.855000: expanding arguments
 0.996900  1.221000  0.741000: /Users/usr0200777/.local/share/nvim/lazy/rest.nvim/ftdetect/http.lua
 0.952900  1.314000  0.676000: require('mason')
 0.951500  1.183000  0.709000: require('vim.filetype')
 0.947100  1.036000  0.923000: reading ShaDa
 0.866700  1.159000  0.770000: BufEnter autocommands
 0.761900  1.206000  0.573000: require('lsp-file-operations')
 0.654300  0.944000  0.405000: require('hardtime')
 0.577900  0.823000  0.367000: require('diffview.logger')
 0.572000  0.924000  0.445000: require('lualine')
 0.567300  0.626000  0.481000: require('lazy.view.commands')
 0.562800  0.755000  0.415000: require('vim.treesitter')
 0.547100  1.016000  0.361000: require('lsp-file-operations.log')
 0.500600  0.610000  0.462000: /Users/usr0200777/nvim-macos-arm64/share/nvim/runtime/plugin/matchit.vim
 0.485700  0.532000  0.409000: require('lazy.manage')
 0.463100  0.914000  0.268000: require('plenary.log')
 0.455800  0.662000  0.358000: require('vim.treesitter.languagetree')
 0.446700  0.504000  0.420000: /Users/usr0200777/.local/share/nvim/lazy/vim-fugitive/plugin/fugitive.vim
 0.443700  0.484000  0.410000: require('vim._defaults')
 0.439100  0.578000  0.336000: require('mason-core.platform')
 0.419600  0.643000  0.280000: require('mason-registry')
 0.390700  0.455000  0.309000: require('lazy.manage.runner')
 0.381800  0.555000  0.227000: require('vim.lsp.protocol')
 0.373300  0.504000  0.256000: require('lspconfig.configs.jdtls')
 0.373100  0.499000  0.326000: require('lazy.core.loader')
 0.341700  0.549000  0.209000: require('hardtime.util')
 0.326500  0.494000  0.228000: require('lspconfig')
 0.326400  0.655000  0.189000: require('rest-nvim.autocmds')
 0.314700  0.346000  0.294000: sourcing vimrc file(s)
 0.304800  0.457000  0.209000: require('gruvbox')
 0.299300  0.331000  0.276000: require('lazy')
 0.296500  0.473000  0.242000: require('vim.treesitter.query')
 0.291400  0.559000  0.157000: require('which-key')
 0.286300  0.306000  0.279000: inits 3
 0.275900  0.322000  0.247000: /Users/usr0200777/.local/share/nvim/lazy/denops.vim/plugin/denops.vim
 0.257200  0.393000  0.178000: require('lspconfig.configs')
 0.242300  0.427000  0.166000: require('plenary.path')
 0.238900  0.472000  0.166000: require('diffview.async')
 0.237500  0.399000  0.177000: require('mason.api.command')
 0.230600  0.244000  0.214000: locale set
 0.224200  0.250000  0.205000: require('lazy.core.plugin')
 0.205300  0.316000  0.135000: require('mason-core.fs')
 0.189100  0.257000  0.138000: require('vim.lsp.handlers')
 0.184100  0.211000  0.156000: require('lazy.manage.task')
 0.182400  0.295000  0.159000: /Users/usr0200777/.local/share/nvim/lazy/auto-pairs/plugin/auto-pairs.vim
 0.182400  0.287000  0.131000: require('mason-lspconfig.mappings.server')
 0.181700  0.285000  0.144000: require('mason-lspconfig')
 0.181200  0.196000  0.172000: require('vim.lsp.util')
 0.179200  0.196000  0.171000: init lua interpreter
 0.173800  0.257000  0.113000: require('vim.diagnostic')
 0.167500  0.215000  0.143000: require('mason-lspconfig.api.command')
 0.152700  0.182000  0.140000: require('lazy.core.meta')
 0.149600  0.359000  0.079000: require('hardtime.log')
 0.144800  0.155000  0.134000: inits 1
 0.142500  0.195000  0.082000: require('diffview.utils')
 0.140600  0.148000  0.136000: /Users/usr0200777/nvim-macos-arm64/share/nvim/runtime/syntax/syntax.vim
 0.140200  0.146000  0.137000: /Users/usr0200777/nvim-macos-arm64/share/nvim/runtime/plugin/netrwPlugin.vim
 0.136800  0.251000  0.066000: require('vim.lsp.log')
 0.134800  0.201000  0.093000: require('hardtime.command')
 0.132800  0.146000  0.121000: require('vim.loader')
 0.129100  0.138000  0.126000: init highlight
 0.119500  0.161000  0.105000: require('lazy.stats')
 0.118200  0.189000  0.092000: require('mason-core.functional.function')
 0.115900  0.197000  0.088000: require('mason-lspconfig.lspconfig_hook')
 0.113900  0.169000  0.101000: require('vim.lsp._changetracking')
 0.113500  0.143000  0.089000: require('cmp_nvim_lsp')
 0.110000  0.153000  0.060000: require('mason-core.functional')
 0.107500  0.226000  0.056000: require('vim.version')
 0.106200  0.118000  0.091000: require('vim._init_packages')
 0.105300  0.135000  0.085000: require('vim.lsp.buf')
 0.103700  0.181000  0.048000: require('lazy.core.handler.ft')
 0.097300  0.127000  0.083000: require('lazy.core.util')
 0.096800  0.194000  0.064000: require('hardtime.config')
 0.092300  0.157000  0.069000: require('which-key.config')
 0.092100  0.129000  0.075000: require('lazy.core.config')
 0.090300  0.144000  0.047000: require('mason-core.async')
 0.089500  0.116000  0.081000: /Users/usr0200777/nvim-macos-arm64/share/nvim/runtime/pack/dist/opt/matchit/plugin/matchit.vim
 0.088950  0.165000  0.022000: /Users/usr0200777/nvim-macos-arm64/share/nvim/runtime/filetype.lua
 0.088900  0.093000  0.086000: require('vim.uri')
 0.086300  0.161000  0.054000: require('diffview.control')
 0.085000  0.194000  0.044000: require('mason-core.functional.table')
 0.083100  0.133000  0.048000: require('diffview.events')
 0.082800  0.113000  0.068000: require('vim.lsp.rpc')
 0.081300  0.134000  0.053000: require('lazy.async')
 0.080700  0.090000  0.075000: /Users/usr0200777/.local/share/nvim/lazy/denops.vim/autoload/denops.vim
 0.079700  0.110000  0.058000: require('vim.lsp.completion')
 0.079500  0.185000  0.048000: require('mason-core.functional.list')
 0.079300  0.113000  0.058000: require('lazy.core.handler.keys')
 0.077800  0.136000  0.049000: require('mason-registry.sources')
 0.077700  0.111000  0.058000: require('lazy.core.handler.event')
 0.077700  0.203000  0.053000: require('lualine_require')
 0.076600  0.100000  0.058000: require('rest-nvim.commands')
 0.076600  0.150000  0.053000: require('diffview.oop')
 0.074000  0.127000  0.046000: require('vim.treesitter._range')
 0.073800  0.112000  0.046000: require('vim.treesitter.language')
 0.073600  0.108000  0.052000: require('lazy.core.handler.cmd')
 0.073300  0.157000  0.048000: require('diffview.ffi')
 0.070500  0.114000  0.050000: require('lspconfig.configs.ts_ls')
 0.069400  0.104000  0.043000: require('mason-core.functional.relation')
 0.068600  0.131000  0.052000: require('mason-core.log')
 0.068200  0.095000  0.052000: require('vim.iter')
 0.067100  0.070000  0.064000: require('lazy.pkg')
 0.066400  0.070000  0.065000: /Users/usr0200777/nvim-macos-arm64/share/nvim/runtime/plugin/matchparen.vim
 0.065400  0.095000  0.043000: require('diffview.mock')
 0.065000  0.079000  0.061000: /Users/usr0200777/nvim-macos-arm64/share/nvim/runtime/plugin/gzip.vim
 0.065000  0.090000  0.051000: require('lazy.manage.process')
 0.064200  0.132000  0.042000: require('mason-core.EventEmitter')
 0.064000  0.111000  0.045000: require('lazy.core.fragments')
 0.064000  0.082000  0.054000: require('mason-core.functional.number')
 0.063400  0.096000  0.046000: require('mason-core.path')
 0.062700  0.077000  0.047000: require('lspconfig.manager')
 0.062600  0.117000  0.051000: require('lazy.core.handler')
 0.061500  0.070000  0.059000: /Users/usr0200777/nvim-macos-arm64/share/nvim/runtime/plugin/rplugin.vim
 0.061400  0.129000  0.043000: require('mason-core.optional')
 0.060800  0.067000  0.057000: require('lualine.utils.mode')
 0.060300  0.112000  0.046000: require('lspconfig.configs.pylsp')
 0.059800  0.064000  0.058000: require('vim._editor')
 0.059600  0.095000  0.045000: require('hardtime.report')
 0.059500  0.072000  0.052000: require('vim.highlight')
 0.059400  0.114000  0.046000: require('mason-core.functional.string')
 0.057800  0.089000  0.047000: require('mason.settings')
 0.057600  0.075000  0.048000: require('diffview.lazy')
 0.057500  0.120000  0.043000: /Users/usr0200777/.local/share/nvim/lazy/nvim-lspconfig/plugin/lspconfig.lua
 0.057100  0.071000  0.045000: require('lspconfig.configs.rust_analyzer')
 0.056900  0.098000  0.042000: require('mason-core.functional.data')
 0.056100  0.076000  0.044000: require('lspconfig.async')
 0.055800  0.079000  0.047000: require('lazy.terminal')
 0.055700  0.075000  0.045000: require('lspconfig.configs.yamlls')
 0.055700  0.086000  0.044000: require('lspconfig.configs.marksman')
 0.054800  0.102000  0.040000: require('mason-lspconfig.notify')
 0.054700  0.083000  0.047000: require('vim.lsp.sync')
 0.054700  0.063000  0.048000: event init
 0.054700  0.076000  0.045000: require('lspconfig.configs.bashls')
 0.054600  0.075000  0.044000: require('cmp_nvim_lsp.source')
 0.054400  0.065000  0.046000: require('lspconfig.configs.lua_ls')
 0.054300  0.093000  0.045000: require('plenary.bit')
 0.053800  0.079000  0.044000: require('mason-core.functional.logic')
 0.053700  0.108000  0.037000: /Users/usr0200777/nvim-macos-arm64/share/nvim/runtime/plugin/man.lua
 0.053300  0.093000  0.036000: /Users/usr0200777/nvim-macos-arm64/share/nvim/runtime/plugin/editorconfig.lua
 0.052800  0.073000  0.044000: require('vim.func._memoize')
 0.052000  0.076000  0.043000: require('mason-lspconfig.settings')
 0.051700  0.069000  0.043000: require('plenary.functional')
 0.051600  0.077000  0.041000: require('mason-lspconfig.server_config_extensions')
 0.051400  0.085000  0.040000: require('vim.func')
 0.050900  0.053000  0.049000: /Users/usr0200777/nvim-macos-arm64/share/nvim/runtime/plugin/zipPlugin.vim
 0.049200  0.074000  0.040000: require('mason-core.async.uv')
 0.044800  0.049000  0.043000: early init
 0.044100  0.068000  0.032000: /Users/usr0200777/.local/share/nvim/lazy/cmp-nvim-lsp/after/plugin/cmp_nvim_lsp.lua
 0.043900  0.094000  0.029000: /Users/usr0200777/nvim-macos-arm64/share/nvim/runtime/plugin/osc52.lua
 0.042700  0.077000  0.029000: /Users/usr0200777/nvim-macos-arm64/share/nvim/runtime/plugin/tohtml.lua
 0.041000  0.043000  0.038000: opening buffers
 0.039700  0.052000  0.031000: /Users/usr0200777/.local/share/nvim/lazy/which-key.nvim/plugin/which-key.lua
 0.038800  0.046000  0.033000: /Users/usr0200777/.local/share/nvim/lazy/vim-highlightedyank/plugin/highlightedyank.vim
 0.035500  0.037000  0.034000: /Users/usr0200777/nvim-macos-arm64/share/nvim/runtime/plugin/tarPlugin.vim
 0.026800  0.028000  0.026000: /Users/usr0200777/nvim-macos-arm64/share/nvim/runtime/syntax/synload.vim
 0.025700  0.036000  0.024000: /Users/usr0200777/nvim-macos-arm64/share/nvim/runtime/plugin/shada.vim
 0.024500  0.029000  0.022000: /Users/usr0200777/nvim-macos-arm64/share/nvim/runtime/ftplugin.vim
 0.021000  0.023000  0.020000: require('vim.shared')
 0.020400  0.027000  0.013000: require('ffi')
 0.020000  0.022000  0.019000: /Users/usr0200777/.local/share/nvim/lazy/denops.vim/plugin/denops/debug.vim
 0.019500  0.027000  0.017000: /Users/usr0200777/.local/share/nvim/lazy/vim-markdown/ftdetect/markdown.vim
 0.019200  0.026000  0.014000: require('vim.fs')
 0.016600  0.019000  0.016000: require('vim.inspect')
 0.016300  0.018000  0.016000: require('vim._options')
 0.015600  0.020000  0.014000: --- NVIM STARTED ---
 0.014900  0.017000  0.013000: /Users/usr0200777/nvim-macos-arm64/share/nvim/runtime/indent.vim
 0.014700  0.026000  0.011000: /Users/usr0200777/.local/share/nvim/lazy/vim-be-good/plugin/vim-be-good.vim
 0.013700  0.021000  0.011000: /Users/usr0200777/.local/share/nvim/lazy/vim-qfreplace/plugin/qfreplace.vim
 0.012600  0.015000  0.011000: /Users/usr0200777/.local/share/nvim/lazy/plenary.nvim/plugin/plenary.vim
 0.012300  0.016000  0.009000: /Users/usr0200777/.local/share/nvim/lazy/nvim-web-devicons/plugin/nvim-web-devicons.vim
 0.012000  0.014000  0.010000: init first window
 0.007600  0.009000  0.007000: /Users/usr0200777/nvim-macos-arm64/share/nvim/runtime/plugin/spellfile.vim
 0.007000  0.007000  0.007000: /Users/usr0200777/nvim-macos-arm64/share/nvim/runtime/plugin/tutor.vim
 0.006500  0.010000  0.005000: inits 2
 0.006000  0.007000  0.005000: clear screen
 0.005200  0.006000  0.004000: require('vim.keymap')
 0.004600  0.005000  0.004000: /Users/usr0200777/.local/share/nvim/lazy/vim-fugitive/ftdetect/fugitive.vim
 0.004500  0.007000  0.004000: /Users/usr0200777/.local/share/nvim/lazy/denops.vim/autoload/denops/_internal/conf.vim
 0.004100  0.005000  0.004000: window checked
 0.002400  0.005000  0.002000: parsing arguments
 0.002300  0.003000  0.002000: require('vim.F')
 0.002000  0.002000  0.002000: init default mappings & autocommands
 0.001300  0.004000  0.001000: editing files in windows
 0.000000  0.000000  0.000000: --- NVIM STARTING ---
